2024-12-06 16:22:16.415 [restartedMain] INFO  com.example.scale.ScaleApplication - Starting ScaleApplication using Java 23.0.1 with PID 48765 (/Users/mac/Desktop/java/target/classes started by mac in /Users/mac/Desktop/java)
2024-12-06 16:22:16.417 [restartedMain] INFO  com.example.scale.ScaleApplication - The following 1 profile is active: "prod"
2024-12-06 16:22:16.489 [restartedMain] INFO  o.a.catalina.core.StandardService - Starting service [Tomcat]
2024-12-06 16:22:16.490 [restartedMain] INFO  o.a.catalina.core.StandardEngine - Starting Servlet engine: [Apache Tomcat/10.1.16]
2024-12-06 16:22:16.492 [restartedMain] INFO  o.a.c.c.C.[.[localhost].[/scale] - Initializing Spring embedded WebApplicationContext
2024-12-06 16:22:16.556 [restartedMain] INFO  com.example.scale.ScaleApplication - Started ScaleApplication in 0.158 seconds (process running for 21354.988)
2024-12-06 16:24:42.643 [restartedMain] INFO  com.example.scale.ScaleApplication - Starting ScaleApplication using Java 23.0.1 with PID 61598 (/Users/mac/Desktop/java/target/classes started by mac in /Users/mac/Desktop/java)
2024-12-06 16:24:42.643 [restartedMain] INFO  com.example.scale.ScaleApplication - The following 1 profile is active: "prod"
2024-12-06 16:24:43.019 [restartedMain] INFO  o.a.catalina.core.StandardService - Starting service [Tomcat]
2024-12-06 16:24:43.019 [restartedMain] INFO  o.a.catalina.core.StandardEngine - Starting Servlet engine: [Apache Tomcat/10.1.16]
2024-12-06 16:24:43.033 [restartedMain] INFO  o.a.c.c.C.[.[localhost].[/scale] - Initializing Spring embedded WebApplicationContext
2024-12-06 16:24:43.278 [restartedMain] INFO  com.example.scale.ScaleApplication - Started ScaleApplication in 0.862 seconds (process running for 1.03)
2024-12-06 16:24:43.279 [restartedMain] INFO  com.example.scale.ScaleApplication - ----------------------------------------
2024-12-06 16:24:43.279 [restartedMain] INFO  com.example.scale.ScaleApplication - 应用启动成功!
2024-12-06 16:24:43.279 [restartedMain] INFO  com.example.scale.ScaleApplication - 当前环境: [prod]
2024-12-06 16:24:43.279 [restartedMain] INFO  com.example.scale.ScaleApplication - 服务地址: http://localhost:8080/scale
2024-12-06 16:24:43.279 [restartedMain] INFO  com.example.scale.ScaleApplication - 日志路径: /app/logs/api-prod.log
2024-12-06 16:24:43.279 [restartedMain] INFO  com.example.scale.ScaleApplication - ----------------------------------------
2024-12-06 16:25:02.688 [http-nio-8080-exec-1] INFO  o.a.c.c.C.[.[localhost].[/scale] - Initializing Spring DispatcherServlet 'dispatcherServlet'
2024-12-06 16:25:02.732 [ScaleAsync-1] INFO  c.e.scale.controller.ScaleController - 收到请求，ID: 000000007
2024-12-06 16:26:38.416 [restartedMain] INFO  com.example.scale.ScaleApplication - Starting ScaleApplication using Java 23.0.1 with PID 61735 (/Users/mac/Desktop/java/target/classes started by mac in /Users/mac/Desktop/java)
2024-12-06 16:26:38.417 [restartedMain] INFO  com.example.scale.ScaleApplication - The following 1 profile is active: "prod"
2024-12-06 16:26:38.814 [restartedMain] INFO  o.a.catalina.core.StandardService - Starting service [Tomcat]
2024-12-06 16:26:38.814 [restartedMain] INFO  o.a.catalina.core.StandardEngine - Starting Servlet engine: [Apache Tomcat/10.1.16]
2024-12-06 16:26:38.830 [restartedMain] INFO  o.a.c.c.C.[.[localhost].[/scale] - Initializing Spring embedded WebApplicationContext
2024-12-06 16:26:39.092 [restartedMain] INFO  com.example.scale.ScaleApplication - Started ScaleApplication in 1.047 seconds (process running for 1.231)
2024-12-06 16:26:39.093 [restartedMain] INFO  com.example.scale.ScaleApplication - ----------------------------------------
2024-12-06 16:26:39.093 [restartedMain] INFO  com.example.scale.ScaleApplication - 应用启动成功!
2024-12-06 16:26:39.093 [restartedMain] INFO  com.example.scale.ScaleApplication - 当前环境: [prod]
2024-12-06 16:26:39.094 [restartedMain] INFO  com.example.scale.ScaleApplication - 服务地址: http://localhost:8080/scale
2024-12-06 16:26:39.094 [restartedMain] INFO  com.example.scale.ScaleApplication - 日志路径: /app/logs/api-prod.log
2024-12-06 16:26:39.094 [restartedMain] INFO  com.example.scale.ScaleApplication - ----------------------------------------
2024-12-06 16:32:28.707 [restartedMain] INFO  com.example.scale.ScaleApplication - Starting ScaleApplication using Java 23.0.1 with PID 62093 (/Users/mac/Desktop/java/target/classes started by mac in /Users/mac/Desktop/java)
2024-12-06 16:32:28.708 [restartedMain] INFO  com.example.scale.ScaleApplication - The following 1 profile is active: "prod"
2024-12-06 16:32:29.098 [restartedMain] INFO  o.a.catalina.core.StandardService - Starting service [Tomcat]
2024-12-06 16:32:29.098 [restartedMain] INFO  o.a.catalina.core.StandardEngine - Starting Servlet engine: [Apache Tomcat/10.1.16]
2024-12-06 16:32:29.113 [restartedMain] INFO  o.a.c.c.C.[.[localhost].[/scale] - Initializing Spring embedded WebApplicationContext
2024-12-06 16:32:29.357 [restartedMain] INFO  com.example.scale.ScaleApplication - Started ScaleApplication in 0.88 seconds (process running for 1.042)
2024-12-06 16:32:29.358 [restartedMain] INFO  com.example.scale.ScaleApplication - ----------------------------------------
2024-12-06 16:32:29.358 [restartedMain] INFO  com.example.scale.ScaleApplication - 应用启动成功!
2024-12-06 16:32:29.358 [restartedMain] INFO  com.example.scale.ScaleApplication - 当前环境: [prod]
2024-12-06 16:32:29.359 [restartedMain] INFO  com.example.scale.ScaleApplication - 服务地址: http://localhost:8080/scale
2024-12-06 16:32:29.359 [restartedMain] INFO  com.example.scale.ScaleApplication - 日志路径: /app/logs/api-prod.log
2024-12-06 16:32:29.359 [restartedMain] INFO  com.example.scale.ScaleApplication - ----------------------------------------
2024-12-06 16:32:53.004 [http-nio-8080-exec-1] INFO  o.a.c.c.C.[.[localhost].[/scale] - Initializing Spring DispatcherServlet 'dispatcherServlet'
2024-12-06 16:32:53.037 [http-nio-8080-exec-1] WARN  o.s.w.s.m.s.DefaultHandlerExceptionResolver - Resolved [org.springframework.http.converter.HttpMessageNotReadableException: Required request body is missing: public java.util.concurrent.CompletableFuture<com.example.scale.entity.Response> com.example.scale.controller.ScaleController.processItems(com.example.scale.entity.ComputeRequest)]
2024-12-06 16:35:14.860 [restartedMain] INFO  com.example.scale.ScaleApplication - Starting ScaleApplication using Java 23.0.1 with PID 62264 (/Users/mac/Desktop/java/target/classes started by mac in /Users/mac/Desktop/java)
2024-12-06 16:35:14.861 [restartedMain] DEBUG com.example.scale.ScaleApplication - Running with Spring Boot v3.2.0, Spring v6.1.1
2024-12-06 16:35:14.861 [restartedMain] INFO  com.example.scale.ScaleApplication - The following 1 profile is active: "prod"
2024-12-06 16:35:14.886 [restartedMain] INFO  o.s.b.d.e.DevToolsPropertyDefaultsPostProcessor - Devtools property defaults active! Set 'spring.devtools.add-properties' to 'false' to disable
2024-12-06 16:35:14.886 [restartedMain] INFO  o.s.b.d.e.DevToolsPropertyDefaultsPostProcessor - For additional web related logging consider setting the 'logging.level.web' property to 'DEBUG'
2024-12-06 16:35:15.223 [restartedMain] INFO  o.s.b.w.e.tomcat.TomcatWebServer - Tomcat initialized with port 8080 (http)
2024-12-06 16:35:15.227 [restartedMain] INFO  o.a.catalina.core.StandardService - Starting service [Tomcat]
2024-12-06 16:35:15.227 [restartedMain] INFO  o.a.catalina.core.StandardEngine - Starting Servlet engine: [Apache Tomcat/10.1.16]
2024-12-06 16:35:15.241 [restartedMain] INFO  o.a.c.c.C.[.[localhost].[/scale] - Initializing Spring embedded WebApplicationContext
2024-12-06 16:35:15.242 [restartedMain] INFO  o.s.b.w.s.c.ServletWebServerApplicationContext - Root WebApplicationContext: initialization completed in 355 ms
2024-12-06 16:35:15.484 [restartedMain] INFO  o.s.b.w.e.tomcat.TomcatWebServer - Tomcat started on port 8080 (http) with context path '/scale'
2024-12-06 16:35:15.487 [restartedMain] INFO  com.example.scale.ScaleApplication - Started ScaleApplication in 0.84 seconds (process running for 0.999)
2024-12-06 16:35:15.488 [restartedMain] INFO  com.example.scale.ScaleApplication - ----------------------------------------
2024-12-06 16:35:15.488 [restartedMain] INFO  com.example.scale.ScaleApplication - 应用启动成功!
2024-12-06 16:35:15.488 [restartedMain] INFO  com.example.scale.ScaleApplication - 当前环境: [prod]
2024-12-06 16:35:15.488 [restartedMain] INFO  com.example.scale.ScaleApplication - 服务地址: http://localhost:8080/scale
2024-12-06 16:35:15.488 [restartedMain] INFO  com.example.scale.ScaleApplication - 日志路径: logs/api-prod.log
2024-12-06 16:35:15.488 [restartedMain] INFO  com.example.scale.ScaleApplication - ----------------------------------------
2024-12-06 16:35:42.425 [http-nio-8080-exec-1] INFO  o.a.c.c.C.[.[localhost].[/scale] - Initializing Spring DispatcherServlet 'dispatcherServlet'
2024-12-06 16:35:42.425 [http-nio-8080-exec-1] INFO  o.s.web.servlet.DispatcherServlet - Initializing Servlet 'dispatcherServlet'
2024-12-06 16:35:42.426 [http-nio-8080-exec-1] INFO  o.s.web.servlet.DispatcherServlet - Completed initialization in 0 ms
2024-12-06 16:35:42.459 [http-nio-8080-exec-1] WARN  o.s.w.s.m.s.DefaultHandlerExceptionResolver - Resolved [org.springframework.http.converter.HttpMessageNotReadableException: Required request body is missing: public java.util.concurrent.CompletableFuture<com.example.scale.entity.Response> com.example.scale.controller.ScaleController.processItems(com.example.scale.entity.ComputeRequest)]
2024-12-06 16:36:27.391 [ScaleAsync-1] INFO  c.e.scale.controller.ScaleController - 收到请求，ID: 000000007
2024-12-06 16:36:27.392 [ScaleAsync-1] DEBUG c.e.scale.controller.ScaleController - 请求数据: [{"title":"我觉得闷闷不乐，情绪低沉","answers":[{"text":"没有或很少时间（过去一周内，出现这类情况的日子不超过一天）","score":1,"selected":true},{"text":"小部分时间（过去一周内，有1-2天有过这类情况）","score":2,"selected":false},{"text":"相当多时间（过去一周内，3-4天有过这类情况）","score":3,"selected":false},{"text":"绝大部分或全部时间（过去一周内，有5-7天有过这类情况）","score":4,"selected":false}]},{"title":"我觉得一天之中早晨最好","answers":[{"text":"没有或很少时间","score":4,"selected":true},{"text":"小部分时间","score":3,"selected":false},{"text":"相当多时间","score":2,"selected":false},{"text":"绝大部分或全部时间","score":1,"selected":false}]},{"title":"我一阵阵哭出来或觉得想哭","answers":[{"text":"没有或很少时间","score":1,"selected":true},{"text":"小部分时间","score":2,"selected":false},{"text":"相当多时间","score":3,"selected":false},{"text":"绝大部分或全部时间","score":4,"selected":false}]},{"title":"我晚上睡眠不好","answers":[{"text":"没有或很少时间","score":1,"selected":true},{"text":"小部分时间","score":2,"selected":false},{"text":"相当多时间","score":3,"selected":false},{"text":"绝大部分或全部时间","score":4,"selected":false}]},{"title":"我吃的跟平常一样多","answers":[{"text":"没有或很少时间","score":4,"selected":true},{"text":"小部分时间","score":3,"selected":false},{"text":"相当多时间","score":2,"selected":false},{"text":"绝大部分或全部时间","score":1,"selected":false}]},{"title":"我与异性亲密接触时和以往一样感觉愉快","answers":[{"text":"没有或很少时间","score":4,"selected":true},{"text":"小部分时间","score":3,"selected":false},{"text":"相当多时间","score":2,"selected":false},{"text":"绝大部分或全部时间","score":1,"selected":false}]},{"title":"我发觉我的体重在下降","answers":[{"text":"没有或很少时间","score":1,"selected":true},{"text":"小部分时间","score":2,"selected":false},{"text":"相当多时间","score":3,"selected":false},{"text":"绝大部分或全部时间","score":4,"selected":false}]},{"title":"我有便秘的苦恼","answers":[{"text":"没有或很少时间","score":1,"selected":true},{"text":"小部分时间","score":2,"selected":false},{"text":"相当多时间","score":3,"selected":false},{"text":"绝大部分或全部时间","score":4,"selected":false}]},{"title":"我心跳比平时快","answers":[{"text":"没有或很少时间","score":1,"selected":true},{"text":"小部分时间","score":2,"selected":false},{"text":"相当多时间","score":3,"selected":false},{"text":"绝大部分或全部时间","score":4,"selected":false}]},{"title":"我无缘无故地感到疲乏","answers":[{"text":"没有或很少时间","score":1,"selected":true},{"text":"小部分时间","score":2,"selected":false},{"text":"相当多时间","score":3,"selected":false},{"text":"绝大部分或全部时间","score":4,"selected":false}]},{"title":"我的头脑跟平常一样清楚","answers":[{"text":"没有或很少时间","score":4,"selected":true},{"text":"小部分时间","score":3,"selected":false},{"text":"相当多时间","score":2,"selected":false},{"text":"绝大部分或全部时间","score":1,"selected":false}]},{"title":"我觉得经常做的事情并没有困难","answers":[{"text":"没有或很少时间","score":4,"selected":true},{"text":"小部分时间","score":3,"selected":false},{"text":"相当多时间","score":2,"selected":false},{"text":"绝大部分或全部时间","score":1,"selected":false}]},{"title":"我觉得不安而平静不下来","answers":[{"text":"没有或很少时间","score":1,"selected":true},{"text":"小部分时间","score":2,"selected":false},{"text":"相当多时间","score":3,"selected":false},{"text":"绝大部分或全部时间","score":4,"selected":false}]},{"title":"我对将来抱有希望","answers":[{"text":"没有或很少时间","score":4,"selected":true},{"text":"小部分时间","score":3,"selected":false},{"text":"相当多时间","score":2,"selected":false},{"text":"绝大部分或全部时间","score":1,"selected":false}]},{"title":"我比平常容易生气激动","answers":[{"text":"没有或很少时间","score":1,"selected":true},{"text":"小部分时间","score":2,"selected":false},{"text":"相当多时间","score":3,"selected":false},{"text":"绝大部分或全部时间","score":4,"selected":false}]},{"title":"我觉得作出决定是容易的","answers":[{"text":"没有或很少时间","score":4,"selected":true},{"text":"小部分时间","score":3,"selected":false},{"text":"相当多时间","score":2,"selected":false},{"text":"绝大部分或全部时间","score":1,"selected":false}]},{"title":"我觉得自己是个有用的人，有人需要我","answers":[{"text":"没有或很少时间","score":4,"selected":true},{"text":"小部分时间","score":3,"selected":false},{"text":"相当多时间","score":2,"selected":false},{"text":"绝大部分或全部时间","score":1,"selected":false}]},{"title":"我的生活过得很有意思","answers":[{"text":"没有或很少时间","score":4,"selected":true},{"text":"小部分时间","score":3,"selected":false},{"text":"相当多时间","score":2,"selected":false},{"text":"绝大部分或全部时间","score":1,"selected":false}]},{"title":"我认为如果我死了别人会生活得好些","answers":[{"text":"没有或很少时间","score":1,"selected":true},{"text":"小部分时间","score":2,"selected":false},{"text":"相当多时间","score":3,"selected":false},{"text":"绝大部分或全部时间","score":4,"selected":false}]},{"title":"平常感兴趣的事我仍然照样感兴趣","answers":[{"text":"没有或很少时间","score":4,"selected":true},{"text":"小部分时间","score":3,"selected":false},{"text":"相当多时间","score":2,"selected":false},{"text":"绝大部分或全部时间","score":1,"selected":false}]}]
2024-12-06 16:36:27.858 [ScaleAsync-1] DEBUG c.e.scale.controller.ScaleController - 更新脚本缓存: 000000007
2024-12-06 16:38:44.945 [restartedMain] INFO  com.example.scale.ScaleApplication - Starting ScaleApplication using Java 23.0.1 with PID 62481 (/Users/mac/Desktop/java/target/classes started by mac in /Users/mac/Desktop/java)
2024-12-06 16:38:44.946 [restartedMain] INFO  com.example.scale.ScaleApplication - The following 1 profile is active: "prod"
2024-12-06 16:38:44.969 [restartedMain] INFO  o.s.b.d.e.DevToolsPropertyDefaultsPostProcessor - Devtools property defaults active! Set 'spring.devtools.add-properties' to 'false' to disable
2024-12-06 16:38:44.969 [restartedMain] INFO  o.s.b.d.e.DevToolsPropertyDefaultsPostProcessor - For additional web related logging consider setting the 'logging.level.web' property to 'DEBUG'
2024-12-06 16:38:45.305 [restartedMain] INFO  o.s.b.w.e.tomcat.TomcatWebServer - Tomcat initialized with port 8080 (http)
2024-12-06 16:38:45.309 [restartedMain] INFO  o.a.catalina.core.StandardService - Starting service [Tomcat]
2024-12-06 16:38:45.309 [restartedMain] INFO  o.a.catalina.core.StandardEngine - Starting Servlet engine: [Apache Tomcat/10.1.16]
2024-12-06 16:38:45.323 [restartedMain] INFO  o.a.c.c.C.[.[localhost].[/scale] - Initializing Spring embedded WebApplicationContext
2024-12-06 16:38:45.324 [restartedMain] INFO  o.s.b.w.s.c.ServletWebServerApplicationContext - Root WebApplicationContext: initialization completed in 354 ms
2024-12-06 16:38:45.557 [restartedMain] INFO  o.s.b.w.e.tomcat.TomcatWebServer - Tomcat started on port 8080 (http) with context path '/scale'
2024-12-06 16:38:45.561 [restartedMain] INFO  com.example.scale.ScaleApplication - Started ScaleApplication in 0.831 seconds (process running for 0.995)
2024-12-06 16:38:45.562 [restartedMain] INFO  com.example.scale.ScaleApplication - ----------------------------------------
2024-12-06 16:38:45.562 [restartedMain] INFO  com.example.scale.ScaleApplication - 应用启动成功!
2024-12-06 16:38:45.562 [restartedMain] INFO  com.example.scale.ScaleApplication - 当前环境: [prod]
2024-12-06 16:38:45.562 [restartedMain] INFO  com.example.scale.ScaleApplication - 服务地址: http://localhost:8080/scale
2024-12-06 16:38:45.562 [restartedMain] INFO  com.example.scale.ScaleApplication - 日志路径: ./logs/api-prod.log
2024-12-06 16:38:45.562 [restartedMain] INFO  com.example.scale.ScaleApplication - ----------------------------------------
2024-12-06 16:38:56.851 [http-nio-8080-exec-1] INFO  o.a.c.c.C.[.[localhost].[/scale] - Initializing Spring DispatcherServlet 'dispatcherServlet'
2024-12-06 16:38:56.851 [http-nio-8080-exec-1] INFO  o.s.web.servlet.DispatcherServlet - Initializing Servlet 'dispatcherServlet'
2024-12-06 16:38:56.852 [http-nio-8080-exec-1] INFO  o.s.web.servlet.DispatcherServlet - Completed initialization in 1 ms
2024-12-06 16:38:56.895 [ScaleAsync-1] INFO  c.e.scale.controller.ScaleController - 收到请求，ID: 000000007
